<?xml version="1.0" encoding="UTF-8"?>
<!-- Generated by org.testng.reporters.JUnitReportReporter -->
<testsuite hostname="vijay" failures="0" tests="1" name="DATAAXIS.datadriven.readexcel" time="7.107" errors="0" timestamp="2024-02-27T13:44:21 IST" skipped="0">
  <testcase classname="DATAAXIS.datadriven.readexcel" name="fblogin" time="7.107"/>
  <system-out/>
</testsuite> <!-- DATAAXIS.datadriven.readexcel -->
