<?xml version="1.0" encoding="UTF-8"?>
<!-- Generated by org.testng.reporters.JUnitReportReporter -->
<testsuite hostname="vijay" failures="0" tests="1" name="TestNG.Axis.invokeedge" time="4.416" errors="0" timestamp="2024-02-27T10:08:33 IST" skipped="0">
  <testcase classname="TestNG.Axis.invokeedge" name="edge" time="4.416"/>
  <system-out/>
</testsuite> <!-- TestNG.Axis.invokeedge -->
