<?xml version="1.0" encoding="UTF-8"?>
<!-- Generated by org.testng.reporters.JUnitReportReporter -->
<testsuite hostname="vijay" failures="0" tests="1" name="TestNG.Axis.invokechrome" time="1.494" errors="0" timestamp="2024-02-28T11:11:11 IST" skipped="0">
  <testcase classname="TestNG.Axis.invokechrome" name="chrome" time="1.494"/>
  <system-out/>
</testsuite> <!-- TestNG.Axis.invokechrome -->
