<?xml version="1.0" encoding="UTF-8"?>
<!-- Generated by org.testng.reporters.JUnitReportReporter -->
<testsuite hostname="vijay" failures="0" tests="1" name="DATAAXIS.datadriven.readexcel" time="4.720" errors="0" timestamp="2024-02-28T11:00:10 IST" skipped="0">
  <testcase classname="DATAAXIS.datadriven.readexcel" name="fblogin" time="4.720"/>
  <system-out/>
</testsuite> <!-- DATAAXIS.datadriven.readexcel -->
